c:\users\sjrac\desktop\game arch\sp19-egp310-01\lin.steele\final\debug\vc141.pdb
c:\users\sjrac\desktop\game arch\sp19-egp310-01\lin.steele\final\debug\vc141.idb
c:\users\sjrac\desktop\game arch\sp19-egp310-01\lin.steele\final\debug\placeunitevent.obj
c:\users\sjrac\desktop\game arch\sp19-egp310-01\lin.steele\final\debug\piranhaplant.obj
c:\users\sjrac\desktop\game arch\sp19-egp310-01\lin.steele\final\debug\moveplayerevent.obj
c:\users\sjrac\desktop\game arch\sp19-egp310-01\lin.steele\final\debug\menumanager.obj
c:\users\sjrac\desktop\game arch\sp19-egp310-01\lin.steele\final\debug\loadlanguageevent.obj
c:\users\sjrac\desktop\game arch\sp19-egp310-01\lin.steele\final\debug\levelmanager.obj
c:\users\sjrac\desktop\game arch\sp19-egp310-01\lin.steele\final\debug\languagemanager.obj
c:\users\sjrac\desktop\game arch\sp19-egp310-01\lin.steele\final\debug\koopa.obj
c:\users\sjrac\desktop\game arch\sp19-egp310-01\lin.steele\final\debug\destroyunitevent.obj
c:\users\sjrac\desktop\game arch\sp19-egp310-01\lin.steele\final\debug\graphicsbuffermanager.obj
c:\users\sjrac\desktop\game arch\sp19-egp310-01\lin.steele\final\debug\goomba.obj
c:\users\sjrac\desktop\game arch\sp19-egp310-01\lin.steele\final\debug\game.obj
c:\users\sjrac\desktop\game arch\sp19-egp310-01\lin.steele\final\debug\fireball.obj
c:\users\sjrac\desktop\game arch\sp19-egp310-01\lin.steele\final\debug\filereader.obj
c:\users\sjrac\desktop\game arch\sp19-egp310-01\lin.steele\final\debug\endblock.obj
c:\users\sjrac\desktop\game arch\sp19-egp310-01\lin.steele\final\debug\drybones.obj
c:\users\sjrac\desktop\game arch\sp19-egp310-01\lin.steele\final\debug\brickblock.obj
c:\users\sjrac\desktop\game arch\sp19-egp310-01\lin.steele\final\debug\boomboom.obj
c:\users\sjrac\desktop\game arch\sp19-egp310-01\lin.steele\final\debug\audiomanager.obj
c:\users\sjrac\desktop\game arch\sp19-egp310-01\lin.steele\final\debug\animation.obj
c:\users\sjrac\desktop\game arch\sp19-egp310-01\lin.steele\final\debug\unitmanager.obj
c:\users\sjrac\desktop\game arch\sp19-egp310-01\lin.steele\final\debug\unit.obj
c:\users\sjrac\desktop\game arch\sp19-egp310-01\lin.steele\final\debug\tile.obj
c:\users\sjrac\desktop\game arch\sp19-egp310-01\lin.steele\final\debug\thwomp.obj
c:\users\sjrac\desktop\game arch\sp19-egp310-01\lin.steele\final\debug\textmanager.obj
c:\users\sjrac\desktop\game arch\sp19-egp310-01\lin.steele\final\debug\text.obj
c:\users\sjrac\desktop\game arch\sp19-egp310-01\lin.steele\final\debug\supermushroom.obj
c:\users\sjrac\desktop\game arch\sp19-egp310-01\lin.steele\final\debug\starmen.obj
c:\users\sjrac\desktop\game arch\sp19-egp310-01\lin.steele\final\debug\savestatemanager.obj
c:\users\sjrac\desktop\game arch\sp19-egp310-01\lin.steele\final\debug\questionblock.obj
c:\users\sjrac\desktop\game arch\sp19-egp310-01\lin.steele\final\debug\prop.obj
c:\users\sjrac\desktop\game arch\sp19-egp310-01\lin.steele\final\debug\player.obj
c:\users\sjrac\desktop\game arch\sp19-egp310-01\lin.steele\final\debug\platform.obj
c:\users\sjrac\desktop\game arch\sp19-egp310-01\lin.steele\final\debug\main.obj
c:\users\sjrac\desktop\game arch\sp19-egp310-01\lin.steele\final\debug\inputtranslator.obj
c:\users\sjrac\desktop\game arch\sp19-egp310-01\lin.steele\final\debug\final.ilk
c:\users\sjrac\desktop\game arch\sp19-egp310-01\lin.steele\final\debug\final.exe
c:\users\sjrac\desktop\game arch\sp19-egp310-01\lin.steele\final\debug\final.pdb
c:\users\sjrac\desktop\game arch\sp19-egp310-01\lin.steele\final\debug\final.tlog\cl.command.1.tlog
c:\users\sjrac\desktop\game arch\sp19-egp310-01\lin.steele\final\debug\final.tlog\cl.read.1.tlog
c:\users\sjrac\desktop\game arch\sp19-egp310-01\lin.steele\final\debug\final.tlog\cl.write.1.tlog
c:\users\sjrac\desktop\game arch\sp19-egp310-01\lin.steele\final\debug\final.tlog\link.command.1.tlog
c:\users\sjrac\desktop\game arch\sp19-egp310-01\lin.steele\final\debug\final.tlog\link.read.1.tlog
c:\users\sjrac\desktop\game arch\sp19-egp310-01\lin.steele\final\debug\final.tlog\link.write.1.tlog
