c:\users\sjrac\desktop\game arch\sp19-egp310-01\lin.steele\final\graphicslib\debug\graphicslib.pdb
c:\users\sjrac\desktop\game arch\sp19-egp310-01\lin.steele\final\graphicslib\debug\system.obj
c:\users\sjrac\desktop\game arch\sp19-egp310-01\lin.steele\final\graphicslib\debug\sprite.obj
c:\users\sjrac\desktop\game arch\sp19-egp310-01\lin.steele\final\graphicslib\debug\rightclickevent.obj
c:\users\sjrac\desktop\game arch\sp19-egp310-01\lin.steele\final\graphicslib\debug\mousemovedevent.obj
c:\users\sjrac\desktop\game arch\sp19-egp310-01\lin.steele\final\graphicslib\debug\leftclickevent.obj
c:\users\sjrac\desktop\game arch\sp19-egp310-01\lin.steele\final\graphicslib\debug\inputsystem.obj
c:\users\sjrac\desktop\game arch\sp19-egp310-01\lin.steele\final\graphicslib\debug\graphicssystem.obj
c:\users\sjrac\desktop\game arch\sp19-egp310-01\lin.steele\final\graphicslib\debug\graphicsbuffer.obj
c:\users\sjrac\desktop\game arch\sp19-egp310-01\lin.steele\final\graphicslib\debug\font.obj
c:\users\sjrac\desktop\game arch\sp19-egp310-01\lin.steele\final\graphicslib\debug\eventsystem.obj
c:\users\sjrac\desktop\game arch\sp19-egp310-01\lin.steele\final\graphicslib\debug\eventlistener.obj
c:\users\sjrac\desktop\game arch\sp19-egp310-01\lin.steele\final\graphicslib\debug\event.obj
c:\users\sjrac\desktop\game arch\sp19-egp310-01\lin.steele\final\graphicslib\debug\color.obj
c:\users\sjrac\desktop\game arch\sp19-egp310-01\lin.steele\final\graphicslib\debug\audio.obj
c:\users\sjrac\desktop\game arch\sp19-egp310-01\lin.steele\final\graphicslib\debug\graphicslib.lib
c:\users\sjrac\desktop\game arch\sp19-egp310-01\lin.steele\final\graphicslib\debug\graphicslib.tlog\cl.command.1.tlog
c:\users\sjrac\desktop\game arch\sp19-egp310-01\lin.steele\final\graphicslib\debug\graphicslib.tlog\cl.read.1.tlog
c:\users\sjrac\desktop\game arch\sp19-egp310-01\lin.steele\final\graphicslib\debug\graphicslib.tlog\cl.write.1.tlog
c:\users\sjrac\desktop\game arch\sp19-egp310-01\lin.steele\final\graphicslib\debug\graphicslib.tlog\lib-link.read.1.tlog
c:\users\sjrac\desktop\game arch\sp19-egp310-01\lin.steele\final\graphicslib\debug\graphicslib.tlog\lib-link.write.1.tlog
c:\users\sjrac\desktop\game arch\sp19-egp310-01\lin.steele\final\graphicslib\debug\graphicslib.tlog\lib.command.1.tlog
